Determining if the pthread_create exist failed with the following output:
Change Dir: /home/vescracecar/catkin_ws/build/CMakeFiles/CMakeTmp

Run Build Command:"/usr/bin/make" "cmTC_798de/fast"
/usr/bin/make -f CMakeFiles/cmTC_798de.dir/build.make CMakeFiles/cmTC_798de.dir/build
make[1]: Entering directory '/home/vescracecar/catkin_ws/build/CMakeFiles/CMakeTmp'
Building C object CMakeFiles/cmTC_798de.dir/CheckSymbolExists.c.o
/usr/bin/cc    -o CMakeFiles/cmTC_798de.dir/CheckSymbolExists.c.o   -c /home/vescracecar/catkin_ws/build/CMakeFiles/CMakeTmp/CheckSymbolExists.c
Linking C executable cmTC_798de
/usr/bin/cmake -E cmake_link_script CMakeFiles/cmTC_798de.dir/link.txt --verbose=1
/usr/bin/cc      -rdynamic CMakeFiles/cmTC_798de.dir/CheckSymbolExists.c.o  -o cmTC_798de 
CMakeFiles/cmTC_798de.dir/CheckSymbolExists.c.o: In function `main':
CheckSymbolExists.c:(.text+0x14): undefined reference to `pthread_create'
CheckSymbolExists.c:(.text+0x18): undefined reference to `pthread_create'
collect2: error: ld returned 1 exit status
CMakeFiles/cmTC_798de.dir/build.make:97: recipe for target 'cmTC_798de' failed
make[1]: *** [cmTC_798de] Error 1
make[1]: Leaving directory '/home/vescracecar/catkin_ws/build/CMakeFiles/CMakeTmp'
Makefile:126: recipe for target 'cmTC_798de/fast' failed
make: *** [cmTC_798de/fast] Error 2

File /home/vescracecar/catkin_ws/build/CMakeFiles/CMakeTmp/CheckSymbolExists.c:
/* */
#include <pthread.h>

int main(int argc, char** argv)
{
  (void)argv;
#ifndef pthread_create
  return ((int*)(&pthread_create))[argc];
#else
  (void)argc;
  return 0;
#endif
}

Determining if the function pthread_create exists in the pthreads failed with the following output:
Change Dir: /home/vescracecar/catkin_ws/build/CMakeFiles/CMakeTmp

Run Build Command:"/usr/bin/make" "cmTC_ee6c7/fast"
/usr/bin/make -f CMakeFiles/cmTC_ee6c7.dir/build.make CMakeFiles/cmTC_ee6c7.dir/build
make[1]: Entering directory '/home/vescracecar/catkin_ws/build/CMakeFiles/CMakeTmp'
Building C object CMakeFiles/cmTC_ee6c7.dir/CheckFunctionExists.c.o
/usr/bin/cc   -DCHECK_FUNCTION_EXISTS=pthread_create   -o CMakeFiles/cmTC_ee6c7.dir/CheckFunctionExists.c.o   -c /usr/share/cmake-3.10/Modules/CheckFunctionExists.c
Linking C executable cmTC_ee6c7
/usr/bin/cmake -E cmake_link_script CMakeFiles/cmTC_ee6c7.dir/link.txt --verbose=1
/usr/bin/cc  -DCHECK_FUNCTION_EXISTS=pthread_create    -rdynamic CMakeFiles/cmTC_ee6c7.dir/CheckFunctionExists.c.o  -o cmTC_ee6c7 -lpthreads 
/usr/bin/ld: cannot find -lpthreads
collect2: error: ld returned 1 exit status
CMakeFiles/cmTC_ee6c7.dir/build.make:97: recipe for target 'cmTC_ee6c7' failed
make[1]: *** [cmTC_ee6c7] Error 1
make[1]: Leaving directory '/home/vescracecar/catkin_ws/build/CMakeFiles/CMakeTmp'
Makefile:126: recipe for target 'cmTC_ee6c7/fast' failed
make: *** [cmTC_ee6c7/fast] Error 2


Determining if the Q_WS_WIN exist failed with the following output:
Change Dir: /home/vescracecar/catkin_ws/build/CMakeFiles/CMakeTmp

Run Build Command:"/usr/bin/make" "cmTC_f979d/fast"
make[1]: Entering directory '/home/vescracecar/catkin_ws/build/CMakeFiles/CMakeTmp'
/usr/bin/make -f CMakeFiles/cmTC_f979d.dir/build.make CMakeFiles/cmTC_f979d.dir/build
make[2]: Entering directory '/home/vescracecar/catkin_ws/build/CMakeFiles/CMakeTmp'
Building CXX object CMakeFiles/cmTC_f979d.dir/CheckSymbolExists.cxx.o
/usr/bin/c++   -I/usr/include/qt4   -o CMakeFiles/cmTC_f979d.dir/CheckSymbolExists.cxx.o -c /home/vescracecar/catkin_ws/build/CMakeFiles/CMakeTmp/CheckSymbolExists.cxx
/home/vescracecar/catkin_ws/build/CMakeFiles/CMakeTmp/CheckSymbolExists.cxx: In function ‘int main(int, char**)’:
/home/vescracecar/catkin_ws/build/CMakeFiles/CMakeTmp/CheckSymbolExists.cxx:8:19: error: ‘Q_WS_WIN’ was not declared in this scope
   return ((int*)(&Q_WS_WIN))[argc];
                   ^~~~~~~~
/home/vescracecar/catkin_ws/build/CMakeFiles/CMakeTmp/CheckSymbolExists.cxx:8:19: note: suggested alternative: ‘Q_WS_X11’
   return ((int*)(&Q_WS_WIN))[argc];
                   ^~~~~~~~
                   Q_WS_X11
CMakeFiles/cmTC_f979d.dir/build.make:65: recipe for target 'CMakeFiles/cmTC_f979d.dir/CheckSymbolExists.cxx.o' failed
make[2]: *** [CMakeFiles/cmTC_f979d.dir/CheckSymbolExists.cxx.o] Error 1
make[2]: Leaving directory '/home/vescracecar/catkin_ws/build/CMakeFiles/CMakeTmp'
Makefile:126: recipe for target 'cmTC_f979d/fast' failed
make[1]: *** [cmTC_f979d/fast] Error 2
make[1]: Leaving directory '/home/vescracecar/catkin_ws/build/CMakeFiles/CMakeTmp'

File /home/vescracecar/catkin_ws/build/CMakeFiles/CMakeTmp/CheckSymbolExists.cxx:
/* */
#include <QtCore/qglobal.h>

int main(int argc, char** argv)
{
  (void)argv;
#ifndef Q_WS_WIN
  return ((int*)(&Q_WS_WIN))[argc];
#else
  (void)argc;
  return 0;
#endif
}

Determining if the Q_WS_QWS exist failed with the following output:
Change Dir: /home/vescracecar/catkin_ws/build/CMakeFiles/CMakeTmp

Run Build Command:"/usr/bin/make" "cmTC_e743d/fast"
make[1]: Entering directory '/home/vescracecar/catkin_ws/build/CMakeFiles/CMakeTmp'
/usr/bin/make -f CMakeFiles/cmTC_e743d.dir/build.make CMakeFiles/cmTC_e743d.dir/build
make[2]: Entering directory '/home/vescracecar/catkin_ws/build/CMakeFiles/CMakeTmp'
Building CXX object CMakeFiles/cmTC_e743d.dir/CheckSymbolExists.cxx.o
/usr/bin/c++   -I/usr/include/qt4   -o CMakeFiles/cmTC_e743d.dir/CheckSymbolExists.cxx.o -c /home/vescracecar/catkin_ws/build/CMakeFiles/CMakeTmp/CheckSymbolExists.cxx
/home/vescracecar/catkin_ws/build/CMakeFiles/CMakeTmp/CheckSymbolExists.cxx: In function ‘int main(int, char**)’:
/home/vescracecar/catkin_ws/build/CMakeFiles/CMakeTmp/CheckSymbolExists.cxx:8:19: error: ‘Q_WS_QWS’ was not declared in this scope
   return ((int*)(&Q_WS_QWS))[argc];
                   ^~~~~~~~
/home/vescracecar/catkin_ws/build/CMakeFiles/CMakeTmp/CheckSymbolExists.cxx:8:19: note: suggested alternative: ‘Q_WS_X11’
   return ((int*)(&Q_WS_QWS))[argc];
                   ^~~~~~~~
                   Q_WS_X11
CMakeFiles/cmTC_e743d.dir/build.make:65: recipe for target 'CMakeFiles/cmTC_e743d.dir/CheckSymbolExists.cxx.o' failed
make[2]: *** [CMakeFiles/cmTC_e743d.dir/CheckSymbolExists.cxx.o] Error 1
make[2]: Leaving directory '/home/vescracecar/catkin_ws/build/CMakeFiles/CMakeTmp'
Makefile:126: recipe for target 'cmTC_e743d/fast' failed
make[1]: *** [cmTC_e743d/fast] Error 2
make[1]: Leaving directory '/home/vescracecar/catkin_ws/build/CMakeFiles/CMakeTmp'

File /home/vescracecar/catkin_ws/build/CMakeFiles/CMakeTmp/CheckSymbolExists.cxx:
/* */
#include <QtCore/qglobal.h>

int main(int argc, char** argv)
{
  (void)argv;
#ifndef Q_WS_QWS
  return ((int*)(&Q_WS_QWS))[argc];
#else
  (void)argc;
  return 0;
#endif
}

Determining if the Q_WS_MAC exist failed with the following output:
Change Dir: /home/vescracecar/catkin_ws/build/CMakeFiles/CMakeTmp

Run Build Command:"/usr/bin/make" "cmTC_72fa5/fast"
make[1]: Entering directory '/home/vescracecar/catkin_ws/build/CMakeFiles/CMakeTmp'
/usr/bin/make -f CMakeFiles/cmTC_72fa5.dir/build.make CMakeFiles/cmTC_72fa5.dir/build
make[2]: Entering directory '/home/vescracecar/catkin_ws/build/CMakeFiles/CMakeTmp'
Building CXX object CMakeFiles/cmTC_72fa5.dir/CheckSymbolExists.cxx.o
/usr/bin/c++   -I/usr/include/qt4   -o CMakeFiles/cmTC_72fa5.dir/CheckSymbolExists.cxx.o -c /home/vescracecar/catkin_ws/build/CMakeFiles/CMakeTmp/CheckSymbolExists.cxx
/home/vescracecar/catkin_ws/build/CMakeFiles/CMakeTmp/CheckSymbolExists.cxx: In function ‘int main(int, char**)’:
/home/vescracecar/catkin_ws/build/CMakeFiles/CMakeTmp/CheckSymbolExists.cxx:8:19: error: ‘Q_WS_MAC’ was not declared in this scope
   return ((int*)(&Q_WS_MAC))[argc];
                   ^~~~~~~~
/home/vescracecar/catkin_ws/build/CMakeFiles/CMakeTmp/CheckSymbolExists.cxx:8:19: note: suggested alternative: ‘Q_WS_X11’
   return ((int*)(&Q_WS_MAC))[argc];
                   ^~~~~~~~
                   Q_WS_X11
CMakeFiles/cmTC_72fa5.dir/build.make:65: recipe for target 'CMakeFiles/cmTC_72fa5.dir/CheckSymbolExists.cxx.o' failed
make[2]: *** [CMakeFiles/cmTC_72fa5.dir/CheckSymbolExists.cxx.o] Error 1
make[2]: Leaving directory '/home/vescracecar/catkin_ws/build/CMakeFiles/CMakeTmp'
Makefile:126: recipe for target 'cmTC_72fa5/fast' failed
make[1]: *** [cmTC_72fa5/fast] Error 2
make[1]: Leaving directory '/home/vescracecar/catkin_ws/build/CMakeFiles/CMakeTmp'

File /home/vescracecar/catkin_ws/build/CMakeFiles/CMakeTmp/CheckSymbolExists.cxx:
/* */
#include <QtCore/qglobal.h>

int main(int argc, char** argv)
{
  (void)argv;
#ifndef Q_WS_MAC
  return ((int*)(&Q_WS_MAC))[argc];
#else
  (void)argc;
  return 0;
#endif
}

